<?xml version="1.0" encoding="UTF-8"?>
<!-- Generated by org.testng.reporters.JUnitXMLReporter -->
<testsuite hostname="DESKTOP-A5AP4LB" ignored="0" name="Command line test" tests="1" failures="0" timestamp="2021-02-02T10:57:34 CET" time="2.756" errors="0">
  <testcase name="@BeforeTest setup" time="2.658" classname="tests.RegisterPageTest">
    <failure type="org.openqa.selenium.SessionNotCreatedException" message="session not created: This version of ChromeDriver only supports Chrome version 84
Build info: version: &amp;apos;3.141.59&amp;apos;, revision: &amp;apos;e82be7d358&amp;apos;, time: &amp;apos;2018-11-14T08:17:03&amp;apos;
System info: host: &amp;apos;DESKTOP-A5AP4LB&amp;apos;, ip: &amp;apos;192.168.137.44&amp;apos;, os.name: &amp;apos;Windows 10&amp;apos;, os.arch: &amp;apos;amd64&amp;apos;, os.version: &amp;apos;10.0&amp;apos;, java.version: &amp;apos;1.8.0_241&amp;apos;
Driver info: driver.version: ChromeDriver
remote stacktrace: Backtrace:
	Ordinal0 [0x009A87E3+2852835]
	Ordinal0 [0x00895BB1+1727409]
	Ordinal0 [0x0076E4B9+517305]
	Ordinal0 [0x00700BA0+68512]
	Ordinal0 [0x006FD3A0+54176]
	Ordinal0 [0x0071D9F7+186871]
	Ordinal0 [0x0071D7FD+186365]
	Ordinal0 [0x0071B70B+177931]
	Ordinal0 [0x00702584+75140]
	Ordinal0 [0x00703650+79440]
	Ordinal0 [0x007035E9+79337]
	Ordinal0 [0x008AAD5C+1813852]
	GetHandleVerifier [0x00ACC616+1075574]
	GetHandleVerifier [0x00ACC367+1074887]
	GetHandleVerifier [0x00AD7497+1120247]
	GetHandleVerifier [0x00ACCC16+1077110]
	Ordinal0 [0x008A3206+1782278]
	Ordinal0 [0x008AC3BB+1819579]
	Ordinal0 [0x008AC523+1819939]
	Ordinal0 [0x008C2B45+1911621]
	BaseThreadInitThunk [0x74D96359+25]
	RtlGetAppContainerNamedObjectPath [0x77538944+228]
	RtlGetAppContainerNamedObjectPath [0x77538914+180]
">
      <![CDATA[org.openqa.selenium.SessionNotCreatedException: session not created: This version of ChromeDriver only supports Chrome version 84
Build info: version: '3.141.59', revision: 'e82be7d358', time: '2018-11-14T08:17:03'
System info: host: 'DESKTOP-A5AP4LB', ip: '192.168.137.44', os.name: 'Windows 10', os.arch: 'amd64', os.version: '10.0', java.version: '1.8.0_241'
Driver info: driver.version: ChromeDriver
remote stacktrace: Backtrace:
Ordinal0 [0x009A87E3+2852835]
Ordinal0 [0x00895BB1+1727409]
Ordinal0 [0x0076E4B9+517305]
Ordinal0 [0x00700BA0+68512]
Ordinal0 [0x006FD3A0+54176]
Ordinal0 [0x0071D9F7+186871]
Ordinal0 [0x0071D7FD+186365]
Ordinal0 [0x0071B70B+177931]
Ordinal0 [0x00702584+75140]
Ordinal0 [0x00703650+79440]
Ordinal0 [0x007035E9+79337]
Ordinal0 [0x008AAD5C+1813852]
GetHandleVerifier [0x00ACC616+1075574]
GetHandleVerifier [0x00ACC367+1074887]
GetHandleVerifier [0x00AD7497+1120247]
GetHandleVerifier [0x00ACCC16+1077110]
Ordinal0 [0x008A3206+1782278]
Ordinal0 [0x008AC3BB+1819579]
Ordinal0 [0x008AC523+1819939]
Ordinal0 [0x008C2B45+1911621]
BaseThreadInitThunk [0x74D96359+25]
RtlGetAppContainerNamedObjectPath [0x77538944+228]
RtlGetAppContainerNamedObjectPath [0x77538914+180]

at org.openqa.selenium.remote.W3CHandshakeResponse.lambda$errorHandler$0(W3CHandshakeResponse.java:62)
at org.openqa.selenium.remote.HandshakeResponse.lambda$getResponseFunction$0(HandshakeResponse.java:30)
at org.openqa.selenium.remote.ProtocolHandshake.lambda$createSession$0(ProtocolHandshake.java:126)
at java.util.stream.ReferencePipeline$3$1.accept(ReferencePipeline.java:193)
at java.util.Spliterators$ArraySpliterator.tryAdvance(Spliterators.java:958)
at java.util.stream.ReferencePipeline.forEachWithCancel(ReferencePipeline.java:126)
at java.util.stream.AbstractPipeline.copyIntoWithCancel(AbstractPipeline.java:499)
at java.util.stream.AbstractPipeline.copyInto(AbstractPipeline.java:486)
at java.util.stream.AbstractPipeline.wrapAndCopyInto(AbstractPipeline.java:472)
at java.util.stream.FindOps$FindOp.evaluateSequential(FindOps.java:152)
at java.util.stream.AbstractPipeline.evaluate(AbstractPipeline.java:234)
at java.util.stream.ReferencePipeline.findFirst(ReferencePipeline.java:464)
at org.openqa.selenium.remote.ProtocolHandshake.createSession(ProtocolHandshake.java:128)
at org.openqa.selenium.remote.ProtocolHandshake.createSession(ProtocolHandshake.java:74)
at org.openqa.selenium.remote.HttpCommandExecutor.execute(HttpCommandExecutor.java:136)
at org.openqa.selenium.remote.service.DriverCommandExecutor.execute(DriverCommandExecutor.java:83)
at org.openqa.selenium.remote.RemoteWebDriver.execute(RemoteWebDriver.java:552)
at org.openqa.selenium.remote.RemoteWebDriver.startSession(RemoteWebDriver.java:213)
at org.openqa.selenium.remote.RemoteWebDriver.<init>(RemoteWebDriver.java:131)
at org.openqa.selenium.chrome.ChromeDriver.<init>(ChromeDriver.java:181)
at org.openqa.selenium.chrome.ChromeDriver.<init>(ChromeDriver.java:168)
at org.openqa.selenium.chrome.ChromeDriver.<init>(ChromeDriver.java:123)
at tests.RegisterPageTest.setup(RegisterPageTest.java:29)
... Removed 37 stack frames]]>
    </failure>
  </testcase> <!-- @BeforeTest setup -->
  <testcase name="testEnterEmailToCreateNewUser" time="0.0" classname="tests.RegisterPageTest">
    <skipped/>
  </testcase> <!-- testEnterEmailToCreateNewUser -->
</testsuite> <!-- Command line test -->
